# JRE version: OpenJDK Runtime Environment (8.0_242-b01) (build 1.8.0_242-release-1644-b01)
# Java VM: OpenJDK 64-Bit Server VM (25.242-b01 mixed mode windows-amd64 compressed oops)
Heap:
 PSYoungGen      total 185344K, used 177455K [0x00000000d5580000, 0x00000000e2c80000, 0x0000000100000000)
  eden space 176640K, 95% used [0x00000000d5580000,0x00000000dfab9250,0x00000000e0200000)
  from space 8704K, 94% used [0x00000000e2400000,0x00000000e2c129f8,0x00000000e2c80000)
  to   space 11776K, 0% used [0x00000000e1580000,0x00000000e1580000,0x00000000e2100000)
 ParOldGen       total 126976K, used 14652K [0x0000000080000000, 0x0000000087c00000, 0x00000000d5580000)
  object space 126976K, 11% used [0x0000000080000000,0x0000000080e4f2e0,0x0000000087c00000)
 Metaspace       used 54560K, capacity 56970K, committed 57048K, reserved 1097728K
  class space    used 7436K, capacity 7930K, committed 7936K, reserved 1048576K
GC Heap History (10 events):
Event: 3.045 GC heap before
{Heap before GC invocations=6 (full 1):
 PSYoungGen      total 76288K, used 65536K [0x00000000d5580000, 0x00000000dea80000, 0x0000000100000000)
  eden space 65536K, 100% used [0x00000000d5580000,0x00000000d9580000,0x00000000d9580000)
  from space 10752K, 0% used [0x00000000da000000,0x00000000da000000,0x00000000daa80000)
  to   space 10752K, 0% used [0x00000000d9580000,0x00000000d9580000,0x00000000da000000)
 ParOldGen       total 88576K, used 7153K [0x0000000080000000, 0x0000000085680000, 0x00000000d5580000)
  object space 88576K, 8% used [0x0000000080000000,0x00000000806fc450,0x0000000085680000)
 Metaspace       used 28499K, capacity 29418K, committed 29568K, reserved 1075200K
  class space    used 3937K, capacity 4159K, committed 4224K, reserved 1048576K
Event: 3.051 GC heap after
Heap after GC invocations=6 (full 1):
 PSYoungGen      total 76288K, used 8145K [0x00000000d5580000, 0x00000000ddd80000, 0x0000000100000000)
  eden space 65536K, 0% used [0x00000000d5580000,0x00000000d5580000,0x00000000d9580000)
  from space 10752K, 75% used [0x00000000d9580000,0x00000000d9d74738,0x00000000da000000)
  to   space 12288K, 0% used [0x00000000dd180000,0x00000000dd180000,0x00000000ddd80000)
 ParOldGen       total 88576K, used 7161K [0x0000000080000000, 0x0000000085680000, 0x00000000d5580000)
  object space 88576K, 8% used [0x0000000080000000,0x00000000806fe450,0x0000000085680000)
 Metaspace       used 28499K, capacity 29418K, committed 29568K, reserved 1075200K
  class space    used 3937K, capacity 4159K, committed 4224K, reserved 1048576K
}
Event: 3.615 GC heap before
{Heap before GC invocations=7 (full 1):
 PSYoungGen      total 76288K, used 73681K [0x00000000d5580000, 0x00000000ddd80000, 0x0000000100000000)
  eden space 65536K, 100% used [0x00000000d5580000,0x00000000d9580000,0x00000000d9580000)
  from space 10752K, 75% used [0x00000000d9580000,0x00000000d9d74738,0x00000000da000000)
  to   space 12288K, 0% used [0x00000000dd180000,0x00000000dd180000,0x00000000ddd80000)
 ParOldGen       total 88576K, used 7161K [0x0000000080000000, 0x0000000085680000, 0x00000000d5580000)
  object space 88576K, 8% used [0x0000000080000000,0x00000000806fe450,0x0000000085680000)
 Metaspace       used 32786K, capacity 33814K, committed 34048K, reserved 1079296K
  class space    used 4477K, capacity 4755K, committed 4864K, reserved 1048576K
Event: 3.625 GC heap after
Heap after GC invocations=7 (full 1):
 PSYoungGen      total 123904K, used 9254K [0x00000000d5580000, 0x00000000ddc00000, 0x0000000100000000)
  eden space 113152K, 0% used [0x00000000d5580000,0x00000000d5580000,0x00000000dc400000)
  from space 10752K, 86% used [0x00000000dd180000,0x00000000dda89a98,0x00000000ddc00000)
  to   space 12288K, 0% used [0x00000000dc400000,0x00000000dc400000,0x00000000dd000000)
 ParOldGen       total 88576K, used 7169K [0x0000000080000000, 0x0000000085680000, 0x00000000d5580000)
  object space 88576K, 8% used [0x0000000080000000,0x0000000080700450,0x0000000085680000)
 Metaspace       used 32786K, capacity 33814K, committed 34048K, reserved 1079296K
  class space    used 4477K, capacity 4755K, committed 4864K, reserved 1048576K
}
Event: 3.839 GC heap before
{Heap before GC invocations=8 (full 1):
 PSYoungGen      total 123904K, used 39519K [0x00000000d5580000, 0x00000000ddc00000, 0x0000000100000000)
  eden space 113152K, 26% used [0x00000000d5580000,0x00000000d730e2f8,0x00000000dc400000)
  from space 10752K, 86% used [0x00000000dd180000,0x00000000dda89a98,0x00000000ddc00000)
  to   space 12288K, 0% used [0x00000000dc400000,0x00000000dc400000,0x00000000dd000000)
 ParOldGen       total 88576K, used 7169K [0x0000000080000000, 0x0000000085680000, 0x00000000d5580000)
  object space 88576K, 8% used [0x0000000080000000,0x0000000080700450,0x0000000085680000)
 Metaspace       used 34245K, capacity 35392K, committed 35416K, reserved 1079296K
  class space    used 4712K, capacity 4973K, committed 4992K, reserved 1048576K
Event: 3.851 GC heap after
Heap after GC invocations=8 (full 1):
 PSYoungGen      total 125440K, used 8076K [0x00000000d5580000, 0x00000000e2f80000, 0x0000000100000000)
  eden space 113152K, 0% used [0x00000000d5580000,0x00000000d5580000,0x00000000dc400000)
  from space 12288K, 65% used [0x00000000dc400000,0x00000000dcbe33e0,0x00000000dd000000)
  to   space 11776K, 0% used [0x00000000e2400000,0x00000000e2400000,0x00000000e2f80000)
 ParOldGen       total 88576K, used 7177K [0x0000000080000000, 0x0000000085680000, 0x00000000d5580000)
  object space 88576K, 8% used [0x0000000080000000,0x0000000080702450,0x0000000085680000)
 Metaspace       used 34245K, capacity 35392K, committed 35416K, reserved 1079296K
  class space    used 4712K, capacity 4973K, committed 4992K, reserved 1048576K
}
Event: 3.851 GC heap before
{Heap before GC invocations=9 (full 2):
 PSYoungGen      total 125440K, used 8076K [0x00000000d5580000, 0x00000000e2f80000, 0x0000000100000000)
  eden space 113152K, 0% used [0x00000000d5580000,0x00000000d5580000,0x00000000dc400000)
  from space 12288K, 65% used [0x00000000dc400000,0x00000000dcbe33e0,0x00000000dd000000)
  to   space 11776K, 0% used [0x00000000e2400000,0x00000000e2400000,0x00000000e2f80000)
 ParOldGen       total 88576K, used 7177K [0x0000000080000000, 0x0000000085680000, 0x00000000d5580000)
  object space 88576K, 8% used [0x0000000080000000,0x0000000080702450,0x0000000085680000)
 Metaspace       used 34245K, capacity 35392K, committed 35416K, reserved 1079296K
  class space    used 4712K, capacity 4973K, committed 4992K, reserved 1048576K
Event: 3.897 GC heap after
Heap after GC invocations=9 (full 2):
 PSYoungGen      total 125440K, used 0K [0x00000000d5580000, 0x00000000e2f80000, 0x0000000100000000)
  eden space 113152K, 0% used [0x00000000d5580000,0x00000000d5580000,0x00000000dc400000)
  from space 12288K, 0% used [0x00000000dc400000,0x00000000dc400000,0x00000000dd000000)
  to   space 11776K, 0% used [0x00000000e2400000,0x00000000e2400000,0x00000000e2f80000)
 ParOldGen       total 126976K, used 14644K [0x0000000080000000, 0x0000000087c00000, 0x00000000d5580000)
  object space 126976K, 11% used [0x0000000080000000,0x0000000080e4d2e0,0x0000000087c00000)
 Metaspace       used 34245K, capacity 35392K, committed 35416K, reserved 1079296K
  class space    used 4712K, capacity 4973K, committed 4992K, reserved 1048576K
}
Event: 4.695 GC heap before
{Heap before GC invocations=10 (full 2):
 PSYoungGen      total 125440K, used 113152K [0x00000000d5580000, 0x00000000e2f80000, 0x0000000100000000)
  eden space 113152K, 100% used [0x00000000d5580000,0x00000000dc400000,0x00000000dc400000)
  from space 12288K, 0% used [0x00000000dc400000,0x00000000dc400000,0x00000000dd000000)
  to   space 11776K, 0% used [0x00000000e2400000,0x00000000e2400000,0x00000000e2f80000)
 ParOldGen       total 126976K, used 14644K [0x0000000080000000, 0x0000000087c00000, 0x00000000d5580000)
  object space 126976K, 11% used [0x0000000080000000,0x0000000080e4d2e0,0x0000000087c00000)
 Metaspace       used 38166K, capacity 39940K, committed 40280K, reserved 1083392K
  class space    used 5267K, capacity 5638K, committed 5760K, reserved 1048576K
Event: 4.701 GC heap after
Heap after GC invocations=10 (full 2):
 PSYoungGen      total 185344K, used 8266K [0x00000000d5580000, 0x00000000e2c80000, 0x0000000100000000)
  eden space 176640K, 0% used [0x00000000d5580000,0x00000000d5580000,0x00000000e0200000)
  from space 8704K, 94% used [0x00000000e2400000,0x00000000e2c129f8,0x00000000e2c80000)
  to   space 11776K, 0% used [0x00000000e1580000,0x00000000e1580000,0x00000000e2100000)
 ParOldGen       total 126976K, used 14652K [0x0000000080000000, 0x0000000087c00000, 0x00000000d5580000)
  object space 126976K, 11% used [0x0000000080000000,0x0000000080e4f2e0,0x0000000087c00000)
 Metaspace       used 38166K, capacity 39940K, committed 40280K, reserved 1083392K
  class space    used 5267K, capacity 5638K, committed 5760K, reserved 1048576K
}

